<?xml version="1.0" encoding="UTF-8"?>
<!-- Generated by org.testng.reporters.JUnitReportReporter -->
<testsuite skipped="0" hostname="W0472501MSMXT" name="com.w2a.utilities.TestLog4j" tests="1" failures="0" timestamp="2019-12-18T14:59:58 IST" time="0.010" errors="0">
  <testcase name="testLog4j" time="0.010" classname="com.w2a.utilities.TestLog4j"/>
</testsuite> <!-- com.w2a.utilities.TestLog4j -->
