<?xml version="1.0" encoding="UTF-8"?>
<!-- Generated by org.testng.reporters.JUnitReportReporter -->
<testsuite skipped="0" hostname="W0472501MSMXT" name="com.w2a.suite.bankmanager.testcases.AddCustomerTest" tests="10" failures="0" timestamp="2019-12-17T14:23:28 IST" time="248.113" errors="0">
  <testcase name="addCustomerTest" time="18.062" classname="com.w2a.suite.bankmanager.testcases.AddCustomerTest"/>
  <testcase name="addCustomerTest" time="28.442" classname="com.w2a.suite.bankmanager.testcases.AddCustomerTest"/>
  <testcase name="addCustomerTest" time="33.464" classname="com.w2a.suite.bankmanager.testcases.AddCustomerTest"/>
  <testcase name="addCustomerTest" time="20.302" classname="com.w2a.suite.bankmanager.testcases.AddCustomerTest"/>
  <testcase name="addCustomerTest" time="28.587" classname="com.w2a.suite.bankmanager.testcases.AddCustomerTest"/>
  <testcase name="addCustomerTest" time="16.364" classname="com.w2a.suite.bankmanager.testcases.AddCustomerTest"/>
  <testcase name="addCustomerTest" time="28.177" classname="com.w2a.suite.bankmanager.testcases.AddCustomerTest"/>
  <testcase name="addCustomerTest" time="28.452" classname="com.w2a.suite.bankmanager.testcases.AddCustomerTest"/>
  <testcase name="addCustomerTest" time="15.983" classname="com.w2a.suite.bankmanager.testcases.AddCustomerTest"/>
  <testcase name="addCustomerTest" time="30.280" classname="com.w2a.suite.bankmanager.testcases.AddCustomerTest"/>
</testsuite> <!-- com.w2a.suite.bankmanager.testcases.AddCustomerTest -->
