<?xml version="1.0" encoding="UTF-8"?>
<!-- Generated by org.testng.reporters.JUnitReportReporter -->
<testsuite skipped="0" hostname="W0472501MSMXT" name="com.w2a.suite.bankmanager.testcases.OpenAccountTest" tests="6" failures="0" timestamp="2019-12-18T11:44:46 IST" time="113.685" errors="0">
  <testcase name="addCustomerTest" time="6.553" classname="com.w2a.suite.bankmanager.testcases.OpenAccountTest"/>
  <testcase name="addCustomerTest" time="9.903" classname="com.w2a.suite.bankmanager.testcases.OpenAccountTest"/>
  <testcase name="addCustomerTest" time="10.041" classname="com.w2a.suite.bankmanager.testcases.OpenAccountTest"/>
  <testcase name="openAccountTest" time="30.384" classname="com.w2a.suite.bankmanager.testcases.OpenAccountTest"/>
  <testcase name="openAccountTest" time="26.310" classname="com.w2a.suite.bankmanager.testcases.OpenAccountTest"/>
  <testcase name="openAccountTest" time="30.494" classname="com.w2a.suite.bankmanager.testcases.OpenAccountTest"/>
</testsuite> <!-- com.w2a.suite.bankmanager.testcases.OpenAccountTest -->
