<?xml version="1.0" encoding="UTF-8"?>
<!-- Generated by org.testng.reporters.JUnitReportReporter -->
<testsuite skipped="0" hostname="W0472501MSMXT" name="com.w2a.suite.bankmanager.testcases.OpenAccountTest" tests="6" failures="0" timestamp="2019-12-18T19:28:27 IST" time="134.838" errors="0">
  <testcase name="openAccountTest" time="29.630" classname="com.w2a.suite.bankmanager.testcases.OpenAccountTest"/>
  <testcase name="openAccountTest" time="42.279" classname="com.w2a.suite.bankmanager.testcases.OpenAccountTest"/>
  <testcase name="addCustomerTest" time="10.182" classname="com.w2a.suite.bankmanager.testcases.OpenAccountTest"/>
  <testcase name="addCustomerTest" time="10.865" classname="com.w2a.suite.bankmanager.testcases.OpenAccountTest"/>
  <testcase name="openAccountTest" time="29.991" classname="com.w2a.suite.bankmanager.testcases.OpenAccountTest"/>
  <testcase name="addCustomerTest" time="11.891" classname="com.w2a.suite.bankmanager.testcases.OpenAccountTest"/>
</testsuite> <!-- com.w2a.suite.bankmanager.testcases.OpenAccountTest -->
