<?xml version="1.0" encoding="UTF-8"?>
<!-- Generated by org.testng.reporters.JUnitReportReporter -->
<testsuite skipped="0" hostname="W0472501MSMXT" name="com.w2a.suite.bankmanager.testcases.OpenAccountTest" tests="2" failures="0" timestamp="2019-12-17T21:00:41 IST" time="7.197" errors="0">
  <testcase name="openAccountTest" time="2.915" classname="com.w2a.suite.bankmanager.testcases.OpenAccountTest"/>
  <testcase name="openAccountTest" time="4.282" classname="com.w2a.suite.bankmanager.testcases.OpenAccountTest"/>
</testsuite> <!-- com.w2a.suite.bankmanager.testcases.OpenAccountTest -->
