<?xml version="1.0" encoding="UTF-8"?>
<!-- Generated by org.testng.reporters.JUnitReportReporter -->
<testsuite skipped="0" hostname="W0472501MSMXT" name="com.w2a.suite.bankmanager.testcases.AddCustomerTest" tests="2" failures="0" timestamp="2019-12-17T21:00:41 IST" time="8.774" errors="0">
  <testcase name="addCustomerTest" time="5.010" classname="com.w2a.suite.bankmanager.testcases.AddCustomerTest"/>
  <testcase name="addCustomerTest" time="3.764" classname="com.w2a.suite.bankmanager.testcases.AddCustomerTest"/>
</testsuite> <!-- com.w2a.suite.bankmanager.testcases.AddCustomerTest -->
