<?xml version="1.0" encoding="UTF-8"?>
<!-- Generated by org.testng.reporters.JUnitReportReporter -->
<testsuite skipped="0" hostname="W0472501MSMXT" name="com.w2a.suite.bankmanager.testcases.OpenAccountTest" tests="6" failures="0" timestamp="2019-12-18T19:26:56 IST" time="148.307" errors="0">
  <testcase name="addCustomerTest" time="6.992" classname="com.w2a.suite.bankmanager.testcases.OpenAccountTest"/>
  <testcase name="openAccountTest" time="30.718" classname="com.w2a.suite.bankmanager.testcases.OpenAccountTest"/>
  <testcase name="addCustomerTest" time="10.205" classname="com.w2a.suite.bankmanager.testcases.OpenAccountTest"/>
  <testcase name="openAccountTest" time="26.768" classname="com.w2a.suite.bankmanager.testcases.OpenAccountTest"/>
  <testcase name="addCustomerTest" time="43.654" classname="com.w2a.suite.bankmanager.testcases.OpenAccountTest"/>
  <testcase name="openAccountTest" time="29.970" classname="com.w2a.suite.bankmanager.testcases.OpenAccountTest"/>
</testsuite> <!-- com.w2a.suite.bankmanager.testcases.OpenAccountTest -->
