<?xml version="1.0" encoding="UTF-8"?>
<!-- Generated by org.testng.reporters.JUnitReportReporter -->
<testsuite skipped="0" hostname="W0472501MSMXT" name="com.w2a.suite.bankmanager.testcases.AddCustomerTest" tests="3" failures="0" timestamp="2019-12-18T19:28:27 IST" time="30.802" errors="0">
  <testcase name="addCustomerTest" time="10.929" classname="com.w2a.suite.bankmanager.testcases.AddCustomerTest"/>
  <testcase name="addCustomerTest" time="11.313" classname="com.w2a.suite.bankmanager.testcases.AddCustomerTest"/>
  <testcase name="addCustomerTest" time="8.560" classname="com.w2a.suite.bankmanager.testcases.AddCustomerTest"/>
</testsuite> <!-- com.w2a.suite.bankmanager.testcases.AddCustomerTest -->
